2026-02-03T11:19:19.834+01:00  INFO 2464 --- [main] com.example.demo.Lab10Application        : Starting Lab10Application using Java 21.0.7 with PID 2464 (C:\Users\Yusuf\Desktop\demo\target\classes started by Yusuf in C:\Users\Yusuf\Desktop\demo)
2026-02-03T11:19:19.835+01:00  INFO 2464 --- [main] com.example.demo.Lab10Application        : No active profile set, falling back to 1 default profile: "default"
2026-02-03T11:19:20.274+01:00  INFO 2464 --- [main] .s.d.r.c.RepositoryConfigurationDelegate : Bootstrapping Spring Data JPA repositories in DEFAULT mode.
2026-02-03T11:19:20.329+01:00  INFO 2464 --- [main] .s.d.r.c.RepositoryConfigurationDelegate : Finished Spring Data repository scanning in 45 ms. Found 2 JPA repository interfaces.
2026-02-03T11:19:20.824+01:00  INFO 2464 --- [main] o.s.b.w.embedded.tomcat.TomcatWebServer  : Tomcat initialized with port 8080 (http)
2026-02-03T11:19:20.835+01:00  INFO 2464 --- [main] o.apache.catalina.core.StandardService   : Starting service [Tomcat]
2026-02-03T11:19:20.838+01:00  INFO 2464 --- [main] o.apache.catalina.core.StandardEngine    : Starting Servlet engine: [Apache Tomcat/10.1.16]
2026-02-03T11:19:20.898+01:00  INFO 2464 --- [main] o.a.c.c.C.[Tomcat].[localhost].[/]       : Initializing Spring embedded WebApplicationContext
2026-02-03T11:19:20.899+01:00  INFO 2464 --- [main] w.s.c.ServletWebServerApplicationContext : Root WebApplicationContext: initialization completed in 1023 ms
2026-02-03T11:19:21.034+01:00  INFO 2464 --- [main] o.hibernate.jpa.internal.util.LogHelper  : HHH000204: Processing PersistenceUnitInfo [name: default]
2026-02-03T11:19:21.101+01:00  INFO 2464 --- [main] org.hibernate.Version                    : HHH000412: Hibernate ORM core version 6.3.1.Final
2026-02-03T11:19:21.148+01:00  INFO 2464 --- [main] o.h.c.internal.RegionFactoryInitiator    : HHH000026: Second-level cache disabled
2026-02-03T11:19:21.356+01:00  INFO 2464 --- [main] o.s.o.j.p.SpringPersistenceUnitInfo      : No LoadTimeWeaver setup: ignoring JPA class transformer
2026-02-03T11:19:21.384+01:00  INFO 2464 --- [main] com.zaxxer.hikari.HikariDataSource       : HikariPool-1 - Starting...
2026-02-03T11:19:21.475+01:00  INFO 2464 --- [main] com.zaxxer.hikari.pool.HikariPool        : HikariPool-1 - Added connection org.sqlite.jdbc4.JDBC4Connection@22048bd6
2026-02-03T11:19:21.477+01:00  INFO 2464 --- [main] com.zaxxer.hikari.HikariDataSource       : HikariPool-1 - Start completed.
2026-02-03T11:19:22.166+01:00  INFO 2464 --- [main] o.h.e.t.j.p.i.JtaPlatformInitiator       : HHH000489: No JTA platform available (set 'hibernate.transaction.jta.platform' to enable JTA platform integration)
2026-02-03T11:19:22.196+01:00  INFO 2464 --- [main] j.LocalContainerEntityManagerFactoryBean : Initialized JPA EntityManagerFactory for persistence unit 'default'
2026-02-03T11:19:22.533+01:00  WARN 2464 --- [main] JpaBaseConfiguration$JpaWebConfiguration : spring.jpa.open-in-view is enabled by default. Therefore, database queries may be performed during view rendering. Explicitly configure spring.jpa.open-in-view to disable this warning
2026-02-03T11:19:22.785+01:00  INFO 2464 --- [main] o.s.s.web.DefaultSecurityFilterChain     : Will secure any request with [org.springframework.security.web.session.DisableEncodeUrlFilter@7c3223aa, org.springframework.security.web.context.request.async.WebAsyncManagerIntegrationFilter@7683d632, org.springframework.security.web.context.SecurityContextHolderFilter@2f8b48c3, org.springframework.security.web.header.HeaderWriterFilter@4028aab2, org.springframework.web.filter.CorsFilter@513bec8c, org.springframework.security.web.csrf.CsrfFilter@41dc34c8, org.springframework.security.web.authentication.logout.LogoutFilter@52a0bc48, org.springframework.security.web.authentication.UsernamePasswordAuthenticationFilter@7f839ec5, org.springframework.security.web.savedrequest.RequestCacheAwareFilter@682d8dad, org.springframework.security.web.servletapi.SecurityContextHolderAwareRequestFilter@1aebe759, org.springframework.security.web.authentication.AnonymousAuthenticationFilter@693ed09d, org.springframework.security.web.access.ExceptionTranslationFilter@17b387ef, org.springframework.security.web.access.intercept.AuthorizationFilter@2d97344c]
2026-02-03T11:19:23.040+01:00  INFO 2464 --- [main] o.s.b.w.embedded.tomcat.TomcatWebServer  : Tomcat started on port 8080 (http) with context path ''
2026-02-03T11:19:23.048+01:00  INFO 2464 --- [main] com.example.demo.Lab10Application        : Started Lab10Application in 3.521 seconds (process running for 3.784)
2026-02-03T11:19:52.041+01:00  INFO 2464 --- [http-nio-8080-exec-2] o.a.c.c.C.[Tomcat].[localhost].[/]       : Initializing Spring DispatcherServlet 'dispatcherServlet'
2026-02-03T11:19:52.042+01:00  INFO 2464 --- [http-nio-8080-exec-2] o.s.web.servlet.DispatcherServlet        : Initializing Servlet 'dispatcherServlet'
2026-02-03T11:19:52.044+01:00  INFO 2464 --- [http-nio-8080-exec-2] o.s.web.servlet.DispatcherServlet        : Completed initialization in 2 ms
2026-02-03T11:19:52.052+01:00  WARN 2464 --- [http-nio-8080-exec-2] o.s.w.s.h.HandlerMappingIntrospector     : Cache miss for REQUEST dispatch to '/' (previous null). Performing CorsConfiguration lookup. This is logged once only at WARN level, and every time at TRACE.
2026-02-03T11:19:52.064+01:00  WARN 2464 --- [http-nio-8080-exec-2] o.s.w.s.h.HandlerMappingIntrospector     : Cache miss for REQUEST dispatch to '/' (previous null). Performing MatchableHandlerMapping lookup. This is logged once only at WARN level, and every time at TRACE.
2026-02-03T11:43:05.983+01:00  WARN 2464 --- [http-nio-8080-exec-2] c.e.demo.security.AuthenticationEvents   : Failed login attempt for user: user99. Reason: Bad credentials
2026-02-03T11:47:12.755+01:00  WARN 2464 --- [http-nio-8080-exec-6] c.e.demo.security.AuthenticationEvents   : Unauthorized access attempt! User 'user99' tried to access a protected resource.
2026-02-03T11:50:39.472+01:00  WARN 2464 --- [http-nio-8080-exec-3] c.e.demo.security.AuthenticationEvents   : Unauthorized access attempt! User 'user99' tried to access a protected resource.
2026-02-03T12:00:10.509+01:00 ERROR 2464 --- [http-nio-8080-exec-8] o.a.c.c.C.[.[.[/].[dispatcherServlet]    : Servlet.service() for servlet [dispatcherServlet] in context with path [] threw exception [Request processing failed: jakarta.validation.ConstraintViolationException: showEditForm.id: must be greater than or equal to 1] with root cause

jakarta.validation.ConstraintViolationException: showEditForm.id: must be greater than or equal to 1
	at org.springframework.validation.beanvalidation.MethodValidationInterceptor.invoke(MethodValidationInterceptor.java:170) ~[spring-context-6.1.1.jar:6.1.1]
	at org.springframework.aop.framework.ReflectiveMethodInvocation.proceed(ReflectiveMethodInvocation.java:184) ~[spring-aop-6.1.1.jar:6.1.1]
	at org.springframework.aop.framework.CglibAopProxy$CglibMethodInvocation.proceed(CglibAopProxy.java:765) ~[spring-aop-6.1.1.jar:6.1.1]
	at org.springframework.aop.framework.CglibAopProxy$DynamicAdvisedInterceptor.intercept(CglibAopProxy.java:717) ~[spring-aop-6.1.1.jar:6.1.1]
	at com.example.demo.controller.NoteController$$SpringCGLIB$$0.showEditForm(<generated>) ~[classes/:na]
	at java.base/jdk.internal.reflect.DirectMethodHandleAccessor.invoke(DirectMethodHandleAccessor.java:103) ~[na:na]
	at java.base/java.lang.reflect.Method.invoke(Method.java:580) ~[na:na]
	at org.springframework.web.method.support.InvocableHandlerMethod.doInvoke(InvocableHandlerMethod.java:254) ~[spring-web-6.1.1.jar:6.1.1]
	at org.springframework.web.method.support.InvocableHandlerMethod.invokeForRequest(InvocableHandlerMethod.java:182) ~[spring-web-6.1.1.jar:6.1.1]
	at org.springframework.web.servlet.mvc.method.annotation.ServletInvocableHandlerMethod.invokeAndHandle(ServletInvocableHandlerMethod.java:118) ~[spring-webmvc-6.1.1.jar:6.1.1]
	at org.springframework.web.servlet.mvc.method.annotation.RequestMappingHandlerAdapter.invokeHandlerMethod(RequestMappingHandlerAdapter.java:917) ~[spring-webmvc-6.1.1.jar:6.1.1]
	at org.springframework.web.servlet.mvc.method.annotation.RequestMappingHandlerAdapter.handleInternal(RequestMappingHandlerAdapter.java:829) ~[spring-webmvc-6.1.1.jar:6.1.1]
	at org.springframework.web.servlet.mvc.method.AbstractHandlerMethodAdapter.handle(AbstractHandlerMethodAdapter.java:87) ~[spring-webmvc-6.1.1.jar:6.1.1]
	at org.springframework.web.servlet.DispatcherServlet.doDispatch(DispatcherServlet.java:1089) ~[spring-webmvc-6.1.1.jar:6.1.1]
	at org.springframework.web.servlet.DispatcherServlet.doService(DispatcherServlet.java:979) ~[spring-webmvc-6.1.1.jar:6.1.1]
	at org.springframework.web.servlet.FrameworkServlet.processRequest(FrameworkServlet.java:1014) ~[spring-webmvc-6.1.1.jar:6.1.1]
	at org.springframework.web.servlet.FrameworkServlet.doGet(FrameworkServlet.java:903) ~[spring-webmvc-6.1.1.jar:6.1.1]
	at jakarta.servlet.http.HttpServlet.service(HttpServlet.java:564) ~[tomcat-embed-core-10.1.16.jar:6.0]
	at org.springframework.web.servlet.FrameworkServlet.service(FrameworkServlet.java:885) ~[spring-webmvc-6.1.1.jar:6.1.1]
	at jakarta.servlet.http.HttpServlet.service(HttpServlet.java:658) ~[tomcat-embed-core-10.1.16.jar:6.0]
	at org.apache.catalina.core.ApplicationFilterChain.internalDoFilter(ApplicationFilterChain.java:205) ~[tomcat-embed-core-10.1.16.jar:10.1.16]
	at org.apache.catalina.core.ApplicationFilterChain.doFilter(ApplicationFilterChain.java:149) ~[tomcat-embed-core-10.1.16.jar:10.1.16]
	at org.apache.tomcat.websocket.server.WsFilter.doFilter(WsFilter.java:51) ~[tomcat-embed-websocket-10.1.16.jar:10.1.16]
	at org.apache.catalina.core.ApplicationFilterChain.internalDoFilter(ApplicationFilterChain.java:174) ~[tomcat-embed-core-10.1.16.jar:10.1.16]
	at org.apache.catalina.core.ApplicationFilterChain.doFilter(ApplicationFilterChain.java:149) ~[tomcat-embed-core-10.1.16.jar:10.1.16]
	at org.springframework.security.web.FilterChainProxy.lambda$doFilterInternal$3(FilterChainProxy.java:231) ~[spring-security-web-6.2.0.jar:6.2.0]
	at org.springframework.security.web.FilterChainProxy$VirtualFilterChain.doFilter(FilterChainProxy.java:365) ~[spring-security-web-6.2.0.jar:6.2.0]
	at org.springframework.security.web.access.intercept.AuthorizationFilter.doFilter(AuthorizationFilter.java:100) ~[spring-security-web-6.2.0.jar:6.2.0]
	at org.springframework.security.web.FilterChainProxy$VirtualFilterChain.doFilter(FilterChainProxy.java:374) ~[spring-security-web-6.2.0.jar:6.2.0]
	at org.springframework.security.web.access.ExceptionTranslationFilter.doFilter(ExceptionTranslationFilter.java:126) ~[spring-security-web-6.2.0.jar:6.2.0]
	at org.springframework.security.web.access.ExceptionTranslationFilter.doFilter(ExceptionTranslationFilter.java:120) ~[spring-security-web-6.2.0.jar:6.2.0]
	at org.springframework.security.web.FilterChainProxy$VirtualFilterChain.doFilter(FilterChainProxy.java:374) ~[spring-security-web-6.2.0.jar:6.2.0]
	at org.springframework.security.web.authentication.AnonymousAuthenticationFilter.doFilter(AnonymousAuthenticationFilter.java:100) ~[spring-security-web-6.2.0.jar:6.2.0]
	at org.springframework.security.web.FilterChainProxy$VirtualFilterChain.doFilter(FilterChainProxy.java:374) ~[spring-security-web-6.2.0.jar:6.2.0]
	at org.springframework.security.web.servletapi.SecurityContextHolderAwareRequestFilter.doFilter(SecurityContextHolderAwareRequestFilter.java:179) ~[spring-security-web-6.2.0.jar:6.2.0]
	at org.springframework.security.web.FilterChainProxy$VirtualFilterChain.doFilter(FilterChainProxy.java:374) ~[spring-security-web-6.2.0.jar:6.2.0]
	at org.springframework.security.web.savedrequest.RequestCacheAwareFilter.doFilter(RequestCacheAwareFilter.java:63) ~[spring-security-web-6.2.0.jar:6.2.0]
	at org.springframework.security.web.FilterChainProxy$VirtualFilterChain.doFilter(FilterChainProxy.java:374) ~[spring-security-web-6.2.0.jar:6.2.0]
	at org.springframework.security.web.authentication.AbstractAuthenticationProcessingFilter.doFilter(AbstractAuthenticationProcessingFilter.java:227) ~[spring-security-web-6.2.0.jar:6.2.0]
	at org.springframework.security.web.authentication.AbstractAuthenticationProcessingFilter.doFilter(AbstractAuthenticationProcessingFilter.java:221) ~[spring-security-web-6.2.0.jar:6.2.0]
	at org.springframework.security.web.FilterChainProxy$VirtualFilterChain.doFilter(FilterChainProxy.java:374) ~[spring-security-web-6.2.0.jar:6.2.0]
	at org.springframework.security.web.authentication.logout.LogoutFilter.doFilter(LogoutFilter.java:107) ~[spring-security-web-6.2.0.jar:6.2.0]
	at org.springframework.security.web.authentication.logout.LogoutFilter.doFilter(LogoutFilter.java:93) ~[spring-security-web-6.2.0.jar:6.2.0]
	at org.springframework.security.web.FilterChainProxy$VirtualFilterChain.doFilter(FilterChainProxy.java:374) ~[spring-security-web-6.2.0.jar:6.2.0]
	at org.springframework.security.web.csrf.CsrfFilter.doFilterInternal(CsrfFilter.java:117) ~[spring-security-web-6.2.0.jar:6.2.0]
	at org.springframework.web.filter.OncePerRequestFilter.doFilter(OncePerRequestFilter.java:116) ~[spring-web-6.1.1.jar:6.1.1]
	at org.springframework.security.web.FilterChainProxy$VirtualFilterChain.doFilter(FilterChainProxy.java:374) ~[spring-security-web-6.2.0.jar:6.2.0]
	at org.springframework.web.filter.CorsFilter.doFilterInternal(CorsFilter.java:91) ~[spring-web-6.1.1.jar:6.1.1]
	at org.springframework.web.filter.OncePerRequestFilter.doFilter(OncePerRequestFilter.java:116) ~[spring-web-6.1.1.jar:6.1.1]
	at org.springframework.security.web.FilterChainProxy$VirtualFilterChain.doFilter(FilterChainProxy.java:374) ~[spring-security-web-6.2.0.jar:6.2.0]
	at org.springframework.security.web.header.HeaderWriterFilter.doHeadersAfter(HeaderWriterFilter.java:90) ~[spring-security-web-6.2.0.jar:6.2.0]
	at org.springframework.security.web.header.HeaderWriterFilter.doFilterInternal(HeaderWriterFilter.java:75) ~[spring-security-web-6.2.0.jar:6.2.0]
	at org.springframework.web.filter.OncePerRequestFilter.doFilter(OncePerRequestFilter.java:116) ~[spring-web-6.1.1.jar:6.1.1]
	at org.springframework.security.web.FilterChainProxy$VirtualFilterChain.doFilter(FilterChainProxy.java:374) ~[spring-security-web-6.2.0.jar:6.2.0]
	at org.springframework.security.web.context.SecurityContextHolderFilter.doFilter(SecurityContextHolderFilter.java:82) ~[spring-security-web-6.2.0.jar:6.2.0]
	at org.springframework.security.web.context.SecurityContextHolderFilter.doFilter(SecurityContextHolderFilter.java:69) ~[spring-security-web-6.2.0.jar:6.2.0]
	at org.springframework.security.web.FilterChainProxy$VirtualFilterChain.doFilter(FilterChainProxy.java:374) ~[spring-security-web-6.2.0.jar:6.2.0]
	at org.springframework.security.web.context.request.async.WebAsyncManagerIntegrationFilter.doFilterInternal(WebAsyncManagerIntegrationFilter.java:62) ~[spring-security-web-6.2.0.jar:6.2.0]
	at org.springframework.web.filter.OncePerRequestFilter.doFilter(OncePerRequestFilter.java:116) ~[spring-web-6.1.1.jar:6.1.1]
	at org.springframework.security.web.FilterChainProxy$VirtualFilterChain.doFilter(FilterChainProxy.java:374) ~[spring-security-web-6.2.0.jar:6.2.0]
	at org.springframework.security.web.session.DisableEncodeUrlFilter.doFilterInternal(DisableEncodeUrlFilter.java:42) ~[spring-security-web-6.2.0.jar:6.2.0]
	at org.springframework.web.filter.OncePerRequestFilter.doFilter(OncePerRequestFilter.java:116) ~[spring-web-6.1.1.jar:6.1.1]
	at org.springframework.security.web.FilterChainProxy$VirtualFilterChain.doFilter(FilterChainProxy.java:374) ~[spring-security-web-6.2.0.jar:6.2.0]
	at org.springframework.security.web.FilterChainProxy.doFilterInternal(FilterChainProxy.java:233) ~[spring-security-web-6.2.0.jar:6.2.0]
	at org.springframework.security.web.FilterChainProxy.doFilter(FilterChainProxy.java:191) ~[spring-security-web-6.2.0.jar:6.2.0]
	at org.springframework.web.filter.DelegatingFilterProxy.invokeDelegate(DelegatingFilterProxy.java:352) ~[spring-web-6.1.1.jar:6.1.1]
	at org.springframework.web.filter.DelegatingFilterProxy.doFilter(DelegatingFilterProxy.java:268) ~[spring-web-6.1.1.jar:6.1.1]
	at org.apache.catalina.core.ApplicationFilterChain.internalDoFilter(ApplicationFilterChain.java:174) ~[tomcat-embed-core-10.1.16.jar:10.1.16]
	at org.apache.catalina.core.ApplicationFilterChain.doFilter(ApplicationFilterChain.java:149) ~[tomcat-embed-core-10.1.16.jar:10.1.16]
	at org.springframework.web.filter.RequestContextFilter.doFilterInternal(RequestContextFilter.java:100) ~[spring-web-6.1.1.jar:6.1.1]
	at org.springframework.web.filter.OncePerRequestFilter.doFilter(OncePerRequestFilter.java:116) ~[spring-web-6.1.1.jar:6.1.1]
	at org.apache.catalina.core.ApplicationFilterChain.internalDoFilter(ApplicationFilterChain.java:174) ~[tomcat-embed-core-10.1.16.jar:10.1.16]
	at org.apache.catalina.core.ApplicationFilterChain.doFilter(ApplicationFilterChain.java:149) ~[tomcat-embed-core-10.1.16.jar:10.1.16]
	at org.springframework.web.filter.FormContentFilter.doFilterInternal(FormContentFilter.java:93) ~[spring-web-6.1.1.jar:6.1.1]
	at org.springframework.web.filter.OncePerRequestFilter.doFilter(OncePerRequestFilter.java:116) ~[spring-web-6.1.1.jar:6.1.1]
	at org.apache.catalina.core.ApplicationFilterChain.internalDoFilter(ApplicationFilterChain.java:174) ~[tomcat-embed-core-10.1.16.jar:10.1.16]
	at org.apache.catalina.core.ApplicationFilterChain.doFilter(ApplicationFilterChain.java:149) ~[tomcat-embed-core-10.1.16.jar:10.1.16]
	at org.springframework.web.filter.CharacterEncodingFilter.doFilterInternal(CharacterEncodingFilter.java:201) ~[spring-web-6.1.1.jar:6.1.1]
	at org.springframework.web.filter.OncePerRequestFilter.doFilter(OncePerRequestFilter.java:116) ~[spring-web-6.1.1.jar:6.1.1]
	at org.apache.catalina.core.ApplicationFilterChain.internalDoFilter(ApplicationFilterChain.java:174) ~[tomcat-embed-core-10.1.16.jar:10.1.16]
	at org.apache.catalina.core.ApplicationFilterChain.doFilter(ApplicationFilterChain.java:149) ~[tomcat-embed-core-10.1.16.jar:10.1.16]
	at org.apache.catalina.core.StandardWrapperValve.invoke(StandardWrapperValve.java:167) ~[tomcat-embed-core-10.1.16.jar:10.1.16]
	at org.apache.catalina.core.StandardContextValve.invoke(StandardContextValve.java:90) ~[tomcat-embed-core-10.1.16.jar:10.1.16]
	at org.apache.catalina.authenticator.AuthenticatorBase.invoke(AuthenticatorBase.java:482) ~[tomcat-embed-core-10.1.16.jar:10.1.16]
	at org.apache.catalina.core.StandardHostValve.invoke(StandardHostValve.java:115) ~[tomcat-embed-core-10.1.16.jar:10.1.16]
	at org.apache.catalina.valves.ErrorReportValve.invoke(ErrorReportValve.java:93) ~[tomcat-embed-core-10.1.16.jar:10.1.16]
	at org.apache.catalina.core.StandardEngineValve.invoke(StandardEngineValve.java:74) ~[tomcat-embed-core-10.1.16.jar:10.1.16]
	at org.apache.catalina.connector.CoyoteAdapter.service(CoyoteAdapter.java:340) ~[tomcat-embed-core-10.1.16.jar:10.1.16]
	at org.apache.coyote.http11.Http11Processor.service(Http11Processor.java:391) ~[tomcat-embed-core-10.1.16.jar:10.1.16]
	at org.apache.coyote.AbstractProcessorLight.process(AbstractProcessorLight.java:63) ~[tomcat-embed-core-10.1.16.jar:10.1.16]
	at org.apache.coyote.AbstractProtocol$ConnectionHandler.process(AbstractProtocol.java:896) ~[tomcat-embed-core-10.1.16.jar:10.1.16]
	at org.apache.tomcat.util.net.NioEndpoint$SocketProcessor.doRun(NioEndpoint.java:1744) ~[tomcat-embed-core-10.1.16.jar:10.1.16]
	at org.apache.tomcat.util.net.SocketProcessorBase.run(SocketProcessorBase.java:52) ~[tomcat-embed-core-10.1.16.jar:10.1.16]
	at org.apache.tomcat.util.threads.ThreadPoolExecutor.runWorker(ThreadPoolExecutor.java:1191) ~[tomcat-embed-core-10.1.16.jar:10.1.16]
	at org.apache.tomcat.util.threads.ThreadPoolExecutor$Worker.run(ThreadPoolExecutor.java:659) ~[tomcat-embed-core-10.1.16.jar:10.1.16]
	at org.apache.tomcat.util.threads.TaskThread$WrappingRunnable.run(TaskThread.java:61) ~[tomcat-embed-core-10.1.16.jar:10.1.16]
	at java.base/java.lang.Thread.run(Thread.java:1583) ~[na:na]

2026-02-03T12:02:50.557+01:00  INFO 2464 --- [SpringApplicationShutdownHook] j.LocalContainerEntityManagerFactoryBean : Closing JPA EntityManagerFactory for persistence unit 'default'
2026-02-03T12:02:50.560+01:00  INFO 2464 --- [SpringApplicationShutdownHook] com.zaxxer.hikari.HikariDataSource       : HikariPool-1 - Shutdown initiated...
2026-02-03T12:02:50.562+01:00  INFO 2464 --- [SpringApplicationShutdownHook] com.zaxxer.hikari.HikariDataSource       : HikariPool-1 - Shutdown completed.
2026-02-03T12:02:57.483+01:00  INFO 22508 --- [main] com.example.demo.Lab10Application        : Starting Lab10Application using Java 21.0.7 with PID 22508 (C:\Users\Yusuf\Desktop\demo\target\classes started by Yusuf in C:\Users\Yusuf\Desktop\demo)
2026-02-03T12:02:57.484+01:00  INFO 22508 --- [main] com.example.demo.Lab10Application        : No active profile set, falling back to 1 default profile: "default"
2026-02-03T12:02:57.881+01:00  INFO 22508 --- [main] .s.d.r.c.RepositoryConfigurationDelegate : Bootstrapping Spring Data JPA repositories in DEFAULT mode.
2026-02-03T12:02:57.926+01:00  INFO 22508 --- [main] .s.d.r.c.RepositoryConfigurationDelegate : Finished Spring Data repository scanning in 39 ms. Found 2 JPA repository interfaces.
2026-02-03T12:02:58.275+01:00  INFO 22508 --- [main] o.s.b.w.embedded.tomcat.TomcatWebServer  : Tomcat initialized with port 8080 (http)
2026-02-03T12:02:58.283+01:00  INFO 22508 --- [main] o.apache.catalina.core.StandardService   : Starting service [Tomcat]
2026-02-03T12:02:58.283+01:00  INFO 22508 --- [main] o.apache.catalina.core.StandardEngine    : Starting Servlet engine: [Apache Tomcat/10.1.16]
2026-02-03T12:02:58.325+01:00  INFO 22508 --- [main] o.a.c.c.C.[Tomcat].[localhost].[/]       : Initializing Spring embedded WebApplicationContext
2026-02-03T12:02:58.325+01:00  INFO 22508 --- [main] w.s.c.ServletWebServerApplicationContext : Root WebApplicationContext: initialization completed in 813 ms
2026-02-03T12:02:58.424+01:00  INFO 22508 --- [main] o.hibernate.jpa.internal.util.LogHelper  : HHH000204: Processing PersistenceUnitInfo [name: default]
2026-02-03T12:02:58.464+01:00  INFO 22508 --- [main] org.hibernate.Version                    : HHH000412: Hibernate ORM core version 6.3.1.Final
2026-02-03T12:02:58.488+01:00  INFO 22508 --- [main] o.h.c.internal.RegionFactoryInitiator    : HHH000026: Second-level cache disabled
2026-02-03T12:02:58.625+01:00  INFO 22508 --- [main] o.s.o.j.p.SpringPersistenceUnitInfo      : No LoadTimeWeaver setup: ignoring JPA class transformer
2026-02-03T12:02:58.646+01:00  INFO 22508 --- [main] com.zaxxer.hikari.HikariDataSource       : HikariPool-1 - Starting...
2026-02-03T12:02:58.720+01:00  INFO 22508 --- [main] com.zaxxer.hikari.pool.HikariPool        : HikariPool-1 - Added connection org.sqlite.jdbc4.JDBC4Connection@7b5ac347
2026-02-03T12:02:58.722+01:00  INFO 22508 --- [main] com.zaxxer.hikari.HikariDataSource       : HikariPool-1 - Start completed.
2026-02-03T12:02:59.342+01:00  INFO 22508 --- [main] o.h.e.t.j.p.i.JtaPlatformInitiator       : HHH000489: No JTA platform available (set 'hibernate.transaction.jta.platform' to enable JTA platform integration)
2026-02-03T12:02:59.370+01:00  INFO 22508 --- [main] j.LocalContainerEntityManagerFactoryBean : Initialized JPA EntityManagerFactory for persistence unit 'default'
2026-02-03T12:02:59.650+01:00  WARN 22508 --- [main] JpaBaseConfiguration$JpaWebConfiguration : spring.jpa.open-in-view is enabled by default. Therefore, database queries may be performed during view rendering. Explicitly configure spring.jpa.open-in-view to disable this warning
2026-02-03T12:02:59.843+01:00  INFO 22508 --- [main] o.s.s.web.DefaultSecurityFilterChain     : Will secure any request with [org.springframework.security.web.session.DisableEncodeUrlFilter@7369208e, org.springframework.security.web.context.request.async.WebAsyncManagerIntegrationFilter@7ba623d1, org.springframework.security.web.context.SecurityContextHolderFilter@2e51ede1, org.springframework.security.web.header.HeaderWriterFilter@1f847d9e, org.springframework.web.filter.CorsFilter@2d5435d4, org.springframework.security.web.csrf.CsrfFilter@2e5c245d, org.springframework.security.web.authentication.logout.LogoutFilter@68fc1e7f, org.springframework.security.web.authentication.UsernamePasswordAuthenticationFilter@52a0bc48, org.springframework.security.web.savedrequest.RequestCacheAwareFilter@28f3a218, org.springframework.security.web.servletapi.SecurityContextHolderAwareRequestFilter@67730dab, org.springframework.security.web.authentication.AnonymousAuthenticationFilter@6dbdbb69, org.springframework.security.web.access.ExceptionTranslationFilter@4e322108, org.springframework.security.web.access.intercept.AuthorizationFilter@57fae911]
2026-02-03T12:03:00.041+01:00  INFO 22508 --- [main] o.s.b.w.embedded.tomcat.TomcatWebServer  : Tomcat started on port 8080 (http) with context path ''
2026-02-03T12:03:00.047+01:00  INFO 22508 --- [main] com.example.demo.Lab10Application        : Started Lab10Application in 2.839 seconds (process running for 3.079)
2026-02-03T12:03:00.111+01:00  INFO 22508 --- [http-nio-8080-exec-4] o.a.c.c.C.[Tomcat].[localhost].[/]       : Initializing Spring DispatcherServlet 'dispatcherServlet'
2026-02-03T12:03:00.111+01:00  INFO 22508 --- [http-nio-8080-exec-4] o.s.web.servlet.DispatcherServlet        : Initializing Servlet 'dispatcherServlet'
2026-02-03T12:03:00.112+01:00  INFO 22508 --- [http-nio-8080-exec-4] o.s.web.servlet.DispatcherServlet        : Completed initialization in 1 ms
2026-02-03T12:03:00.124+01:00  WARN 22508 --- [http-nio-8080-exec-4] o.s.w.s.h.HandlerMappingIntrospector     : Cache miss for REQUEST dispatch to '/notes/-1/edit' (previous null). Performing CorsConfiguration lookup. This is logged once only at WARN level, and every time at TRACE.
2026-02-03T12:03:00.140+01:00  WARN 22508 --- [http-nio-8080-exec-4] o.s.w.s.h.HandlerMappingIntrospector     : Cache miss for REQUEST dispatch to '/notes/-1/edit' (previous null). Performing MatchableHandlerMapping lookup. This is logged once only at WARN level, and every time at TRACE.
2026-02-03T12:14:55.361+01:00  WARN 22508 --- [http-nio-8080-exec-1] c.e.demo.security.AuthenticationEvents   : Unauthorized access attempt! User 'user1' tried to access a protected resource.
2026-02-03T12:21:08.096+01:00  INFO 18532 --- [main] com.example.demo.SecurityTests           : Starting SecurityTests using Java 25.0.1 with PID 18532 (started by Yusuf in C:\Users\Yusuf\Desktop\demo)
2026-02-03T12:21:08.097+01:00  INFO 18532 --- [main] com.example.demo.SecurityTests           : No active profile set, falling back to 1 default profile: "default"
2026-02-03T12:21:08.546+01:00  INFO 18532 --- [main] .s.d.r.c.RepositoryConfigurationDelegate : Bootstrapping Spring Data JPA repositories in DEFAULT mode.
2026-02-03T12:21:08.585+01:00  INFO 18532 --- [main] .s.d.r.c.RepositoryConfigurationDelegate : Finished Spring Data repository scanning in 34 ms. Found 2 JPA repository interfaces.
2026-02-03T12:21:08.966+01:00  INFO 18532 --- [main] o.hibernate.jpa.internal.util.LogHelper  : HHH000204: Processing PersistenceUnitInfo [name: default]
2026-02-03T12:21:09.012+01:00  INFO 18532 --- [main] org.hibernate.Version                    : HHH000412: Hibernate ORM core version 6.3.1.Final
2026-02-03T12:21:09.036+01:00  INFO 18532 --- [main] o.h.c.internal.RegionFactoryInitiator    : HHH000026: Second-level cache disabled
2026-02-03T12:21:09.240+01:00  INFO 18532 --- [main] o.s.o.j.p.SpringPersistenceUnitInfo      : No LoadTimeWeaver setup: ignoring JPA class transformer
2026-02-03T12:21:09.267+01:00  INFO 18532 --- [main] com.zaxxer.hikari.HikariDataSource       : HikariPool-1 - Starting...
2026-02-03T12:21:09.336+01:00  INFO 18532 --- [main] com.zaxxer.hikari.pool.HikariPool        : HikariPool-1 - Added connection org.sqlite.jdbc4.JDBC4Connection@11c7a0b4
2026-02-03T12:21:09.338+01:00  INFO 18532 --- [main] com.zaxxer.hikari.HikariDataSource       : HikariPool-1 - Start completed.
2026-02-03T12:21:09.956+01:00  INFO 18532 --- [main] o.h.e.t.j.p.i.JtaPlatformInitiator       : HHH000489: No JTA platform available (set 'hibernate.transaction.jta.platform' to enable JTA platform integration)
2026-02-03T12:21:09.982+01:00  INFO 18532 --- [main] j.LocalContainerEntityManagerFactoryBean : Initialized JPA EntityManagerFactory for persistence unit 'default'
2026-02-03T12:21:10.405+01:00  WARN 18532 --- [main] JpaBaseConfiguration$JpaWebConfiguration : spring.jpa.open-in-view is enabled by default. Therefore, database queries may be performed during view rendering. Explicitly configure spring.jpa.open-in-view to disable this warning
2026-02-03T12:21:10.720+01:00  INFO 18532 --- [main] o.s.s.web.DefaultSecurityFilterChain     : Will secure any request with [org.springframework.security.web.session.DisableEncodeUrlFilter@1728d307, org.springframework.security.web.context.request.async.WebAsyncManagerIntegrationFilter@252d2ac0, org.springframework.security.web.context.SecurityContextHolderFilter@51d2d336, org.springframework.security.web.header.HeaderWriterFilter@543196f9, org.springframework.web.filter.CorsFilter@3f0b5619, org.springframework.security.web.csrf.CsrfFilter@202d1424, org.springframework.security.web.authentication.logout.LogoutFilter@2686a801, org.springframework.security.web.authentication.UsernamePasswordAuthenticationFilter@1be3a294, org.springframework.security.web.savedrequest.RequestCacheAwareFilter@39921410, org.springframework.security.web.servletapi.SecurityContextHolderAwareRequestFilter@71e55e48, org.springframework.security.web.authentication.AnonymousAuthenticationFilter@67afc9b6, org.springframework.security.web.access.ExceptionTranslationFilter@7b44e98e, org.springframework.security.web.access.intercept.AuthorizationFilter@296949c8]
2026-02-03T12:21:10.982+01:00  INFO 18532 --- [main] o.s.b.t.m.w.SpringBootMockServletContext : Initializing Spring TestDispatcherServlet ''
2026-02-03T12:21:10.982+01:00  INFO 18532 --- [main] o.s.t.web.servlet.TestDispatcherServlet  : Initializing Servlet ''
2026-02-03T12:21:10.983+01:00  INFO 18532 --- [main] o.s.t.web.servlet.TestDispatcherServlet  : Completed initialization in 1 ms
2026-02-03T12:21:11.007+01:00  INFO 18532 --- [main] com.example.demo.SecurityTests           : Started SecurityTests in 3.167 seconds (process running for 6.003)
2026-02-03T12:21:11.452+01:00  WARN 18532 --- [main] o.s.w.s.h.HandlerMappingIntrospector     : Cache miss for REQUEST dispatch to '/login' (previous null). Performing CorsConfiguration lookup. This is logged once only at WARN level, and every time at TRACE.
2026-02-03T12:21:11.668+01:00  INFO 18532 --- [SpringApplicationShutdownHook] j.LocalContainerEntityManagerFactoryBean : Closing JPA EntityManagerFactory for persistence unit 'default'
2026-02-03T12:21:11.670+01:00  INFO 18532 --- [SpringApplicationShutdownHook] com.zaxxer.hikari.HikariDataSource       : HikariPool-1 - Shutdown initiated...
2026-02-03T12:21:11.671+01:00  INFO 18532 --- [SpringApplicationShutdownHook] com.zaxxer.hikari.HikariDataSource       : HikariPool-1 - Shutdown completed.
2026-02-03T12:30:58.108+01:00  WARN 22508 --- [http-nio-8080-exec-3] c.e.demo.security.AuthenticationEvents   : Failed login attempt for user: user9. Reason: Bad credentials
2026-02-03T12:32:07.581+01:00  WARN 22508 --- [http-nio-8080-exec-8] c.e.demo.security.AuthenticationEvents   : Failed login attempt for user: user99. Reason: Bad credentials
2026-02-03T12:35:27.257+01:00  WARN 22508 --- [http-nio-8080-exec-9] c.e.demo.security.AuthenticationEvents   : Unauthorized access attempt! User 'user99' tried to access a protected resource.
2026-02-03T12:36:05.864+01:00  WARN 22508 --- [http-nio-8080-exec-10] c.e.demo.security.AuthenticationEvents   : Failed login attempt for user: user2. Reason: Bad credentials
2026-02-03T12:42:23.902+01:00  INFO 19048 --- [main] com.example.demo.SecurityTests           : Starting SecurityTests using Java 25.0.1 with PID 19048 (started by Yusuf in C:\Users\Yusuf\Desktop\demo)
2026-02-03T12:42:23.903+01:00  INFO 19048 --- [main] com.example.demo.SecurityTests           : No active profile set, falling back to 1 default profile: "default"
2026-02-03T12:42:24.346+01:00  INFO 19048 --- [main] .s.d.r.c.RepositoryConfigurationDelegate : Bootstrapping Spring Data JPA repositories in DEFAULT mode.
2026-02-03T12:42:24.383+01:00  INFO 19048 --- [main] .s.d.r.c.RepositoryConfigurationDelegate : Finished Spring Data repository scanning in 31 ms. Found 2 JPA repository interfaces.
2026-02-03T12:42:24.728+01:00  INFO 19048 --- [main] o.hibernate.jpa.internal.util.LogHelper  : HHH000204: Processing PersistenceUnitInfo [name: default]
2026-02-03T12:42:24.772+01:00  INFO 19048 --- [main] org.hibernate.Version                    : HHH000412: Hibernate ORM core version 6.3.1.Final
2026-02-03T12:42:24.795+01:00  INFO 19048 --- [main] o.h.c.internal.RegionFactoryInitiator    : HHH000026: Second-level cache disabled
2026-02-03T12:42:24.990+01:00  INFO 19048 --- [main] o.s.o.j.p.SpringPersistenceUnitInfo      : No LoadTimeWeaver setup: ignoring JPA class transformer
2026-02-03T12:42:25.013+01:00  INFO 19048 --- [main] com.zaxxer.hikari.HikariDataSource       : HikariPool-1 - Starting...
2026-02-03T12:42:25.090+01:00  INFO 19048 --- [main] com.zaxxer.hikari.pool.HikariPool        : HikariPool-1 - Added connection org.sqlite.jdbc4.JDBC4Connection@5a85b4e6
2026-02-03T12:42:25.092+01:00  INFO 19048 --- [main] com.zaxxer.hikari.HikariDataSource       : HikariPool-1 - Start completed.
2026-02-03T12:42:25.685+01:00  INFO 19048 --- [main] o.h.e.t.j.p.i.JtaPlatformInitiator       : HHH000489: No JTA platform available (set 'hibernate.transaction.jta.platform' to enable JTA platform integration)
2026-02-03T12:42:25.712+01:00  INFO 19048 --- [main] j.LocalContainerEntityManagerFactoryBean : Initialized JPA EntityManagerFactory for persistence unit 'default'
2026-02-03T12:42:26.081+01:00  WARN 19048 --- [main] JpaBaseConfiguration$JpaWebConfiguration : spring.jpa.open-in-view is enabled by default. Therefore, database queries may be performed during view rendering. Explicitly configure spring.jpa.open-in-view to disable this warning
2026-02-03T12:42:26.334+01:00  INFO 19048 --- [main] o.s.s.web.DefaultSecurityFilterChain     : Will secure any request with [org.springframework.security.web.session.DisableEncodeUrlFilter@1728d307, org.springframework.security.web.context.request.async.WebAsyncManagerIntegrationFilter@252d2ac0, org.springframework.security.web.context.SecurityContextHolderFilter@51d2d336, org.springframework.security.web.header.HeaderWriterFilter@543196f9, org.springframework.web.filter.CorsFilter@3f0b5619, org.springframework.security.web.csrf.CsrfFilter@202d1424, org.springframework.security.web.authentication.logout.LogoutFilter@2686a801, org.springframework.security.web.authentication.UsernamePasswordAuthenticationFilter@1be3a294, org.springframework.security.web.savedrequest.RequestCacheAwareFilter@39921410, org.springframework.security.web.servletapi.SecurityContextHolderAwareRequestFilter@71e55e48, org.springframework.security.web.authentication.AnonymousAuthenticationFilter@67afc9b6, org.springframework.security.web.access.ExceptionTranslationFilter@7b44e98e, org.springframework.security.web.access.intercept.AuthorizationFilter@296949c8]
2026-02-03T12:42:26.582+01:00  INFO 19048 --- [main] o.s.b.t.m.w.SpringBootMockServletContext : Initializing Spring TestDispatcherServlet ''
2026-02-03T12:42:26.583+01:00  INFO 19048 --- [main] o.s.t.web.servlet.TestDispatcherServlet  : Initializing Servlet ''
2026-02-03T12:42:26.584+01:00  INFO 19048 --- [main] o.s.t.web.servlet.TestDispatcherServlet  : Completed initialization in 1 ms
2026-02-03T12:42:26.605+01:00  INFO 19048 --- [main] com.example.demo.SecurityTests           : Started SecurityTests in 2.93 seconds (process running for 3.712)
2026-02-03T12:42:26.987+01:00  WARN 19048 --- [main] o.s.w.s.h.HandlerMappingIntrospector     : Cache miss for REQUEST dispatch to '/login' (previous null). Performing CorsConfiguration lookup. This is logged once only at WARN level, and every time at TRACE.
2026-02-03T12:42:27.199+01:00  INFO 19048 --- [SpringApplicationShutdownHook] j.LocalContainerEntityManagerFactoryBean : Closing JPA EntityManagerFactory for persistence unit 'default'
2026-02-03T12:42:27.200+01:00  INFO 19048 --- [SpringApplicationShutdownHook] com.zaxxer.hikari.HikariDataSource       : HikariPool-1 - Shutdown initiated...
2026-02-03T12:42:27.201+01:00  INFO 19048 --- [SpringApplicationShutdownHook] com.zaxxer.hikari.HikariDataSource       : HikariPool-1 - Shutdown completed.
2026-02-03T13:32:07.811+01:00  WARN 22508 --- [http-nio-8080-exec-8] c.e.demo.security.AuthenticationEvents   : Failed login attempt for user: user2. Reason: Bad credentials
2026-02-03T13:37:00.985+01:00  WARN 22508 --- [http-nio-8080-exec-1] c.e.demo.security.AuthenticationEvents   : Unauthorized access attempt! User 'user2' tried to access a protected resource.
2026-02-03T13:48:31.872+01:00  INFO 30360 --- [main] com.example.demo.SecurityTests           : Starting SecurityTests using Java 25.0.1 with PID 30360 (started by Yusuf in C:\Users\Yusuf\Desktop\demo)
2026-02-03T13:48:31.872+01:00  INFO 30360 --- [main] com.example.demo.SecurityTests           : No active profile set, falling back to 1 default profile: "default"
2026-02-03T13:48:32.306+01:00  INFO 30360 --- [main] .s.d.r.c.RepositoryConfigurationDelegate : Bootstrapping Spring Data JPA repositories in DEFAULT mode.
2026-02-03T13:48:32.341+01:00  INFO 30360 --- [main] .s.d.r.c.RepositoryConfigurationDelegate : Finished Spring Data repository scanning in 30 ms. Found 2 JPA repository interfaces.
2026-02-03T13:48:32.698+01:00  INFO 30360 --- [main] o.hibernate.jpa.internal.util.LogHelper  : HHH000204: Processing PersistenceUnitInfo [name: default]
2026-02-03T13:48:32.741+01:00  INFO 30360 --- [main] org.hibernate.Version                    : HHH000412: Hibernate ORM core version 6.3.1.Final
2026-02-03T13:48:32.764+01:00  INFO 30360 --- [main] o.h.c.internal.RegionFactoryInitiator    : HHH000026: Second-level cache disabled
2026-02-03T13:48:32.961+01:00  INFO 30360 --- [main] o.s.o.j.p.SpringPersistenceUnitInfo      : No LoadTimeWeaver setup: ignoring JPA class transformer
2026-02-03T13:48:32.982+01:00  INFO 30360 --- [main] com.zaxxer.hikari.HikariDataSource       : HikariPool-1 - Starting...
2026-02-03T13:48:33.057+01:00  INFO 30360 --- [main] com.zaxxer.hikari.pool.HikariPool        : HikariPool-1 - Added connection org.sqlite.jdbc4.JDBC4Connection@11c7a0b4
2026-02-03T13:48:33.058+01:00  INFO 30360 --- [main] com.zaxxer.hikari.HikariDataSource       : HikariPool-1 - Start completed.
2026-02-03T13:48:33.628+01:00  INFO 30360 --- [main] o.h.e.t.j.p.i.JtaPlatformInitiator       : HHH000489: No JTA platform available (set 'hibernate.transaction.jta.platform' to enable JTA platform integration)
2026-02-03T13:48:33.654+01:00  INFO 30360 --- [main] j.LocalContainerEntityManagerFactoryBean : Initialized JPA EntityManagerFactory for persistence unit 'default'
2026-02-03T13:48:34.013+01:00  WARN 30360 --- [main] JpaBaseConfiguration$JpaWebConfiguration : spring.jpa.open-in-view is enabled by default. Therefore, database queries may be performed during view rendering. Explicitly configure spring.jpa.open-in-view to disable this warning
2026-02-03T13:48:34.306+01:00  INFO 30360 --- [main] o.s.s.web.DefaultSecurityFilterChain     : Will secure any request with [org.springframework.security.web.session.DisableEncodeUrlFilter@1728d307, org.springframework.security.web.context.request.async.WebAsyncManagerIntegrationFilter@252d2ac0, org.springframework.security.web.context.SecurityContextHolderFilter@51d2d336, org.springframework.security.web.header.HeaderWriterFilter@543196f9, org.springframework.web.filter.CorsFilter@3f0b5619, org.springframework.security.web.csrf.CsrfFilter@202d1424, org.springframework.security.web.authentication.logout.LogoutFilter@2686a801, org.springframework.security.web.authentication.UsernamePasswordAuthenticationFilter@1be3a294, org.springframework.security.web.savedrequest.RequestCacheAwareFilter@39921410, org.springframework.security.web.servletapi.SecurityContextHolderAwareRequestFilter@71e55e48, org.springframework.security.web.authentication.AnonymousAuthenticationFilter@67afc9b6, org.springframework.security.web.access.ExceptionTranslationFilter@7b44e98e, org.springframework.security.web.access.intercept.AuthorizationFilter@296949c8]
2026-02-03T13:48:34.556+01:00  INFO 30360 --- [main] o.s.b.t.m.w.SpringBootMockServletContext : Initializing Spring TestDispatcherServlet ''
2026-02-03T13:48:34.557+01:00  INFO 30360 --- [main] o.s.t.web.servlet.TestDispatcherServlet  : Initializing Servlet ''
2026-02-03T13:48:34.557+01:00  INFO 30360 --- [main] o.s.t.web.servlet.TestDispatcherServlet  : Completed initialization in 0 ms
2026-02-03T13:48:34.577+01:00  INFO 30360 --- [main] com.example.demo.SecurityTests           : Started SecurityTests in 2.93 seconds (process running for 6.019)
2026-02-03T13:48:34.959+01:00  WARN 30360 --- [main] o.s.w.s.h.HandlerMappingIntrospector     : Cache miss for REQUEST dispatch to '/login' (previous null). Performing CorsConfiguration lookup. This is logged once only at WARN level, and every time at TRACE.
2026-02-03T13:48:35.175+01:00  INFO 30360 --- [SpringApplicationShutdownHook] j.LocalContainerEntityManagerFactoryBean : Closing JPA EntityManagerFactory for persistence unit 'default'
2026-02-03T13:48:35.176+01:00  INFO 30360 --- [SpringApplicationShutdownHook] com.zaxxer.hikari.HikariDataSource       : HikariPool-1 - Shutdown initiated...
2026-02-03T13:48:35.178+01:00  INFO 30360 --- [SpringApplicationShutdownHook] com.zaxxer.hikari.HikariDataSource       : HikariPool-1 - Shutdown completed.
2026-02-03T14:00:44.536+01:00  INFO 22508 --- [SpringApplicationShutdownHook] j.LocalContainerEntityManagerFactoryBean : Closing JPA EntityManagerFactory for persistence unit 'default'
2026-02-03T14:00:44.541+01:00  INFO 22508 --- [SpringApplicationShutdownHook] com.zaxxer.hikari.HikariDataSource       : HikariPool-1 - Shutdown initiated...
2026-02-03T14:00:44.543+01:00  INFO 22508 --- [SpringApplicationShutdownHook] com.zaxxer.hikari.HikariDataSource       : HikariPool-1 - Shutdown completed.
2026-02-03T14:17:53.947+01:00  INFO 27720 --- [main] com.example.demo.Lab10Application        : Starting Lab10Application using Java 21.0.7 with PID 27720 (C:\Users\Yusuf\Desktop\demo\target\classes started by Yusuf in C:\Users\Yusuf\Desktop\demo)
2026-02-03T14:17:53.949+01:00  INFO 27720 --- [main] com.example.demo.Lab10Application        : No active profile set, falling back to 1 default profile: "default"
2026-02-03T14:17:54.368+01:00  INFO 27720 --- [main] .s.d.r.c.RepositoryConfigurationDelegate : Bootstrapping Spring Data JPA repositories in DEFAULT mode.
2026-02-03T14:17:54.417+01:00  INFO 27720 --- [main] .s.d.r.c.RepositoryConfigurationDelegate : Finished Spring Data repository scanning in 45 ms. Found 2 JPA repository interfaces.
2026-02-03T14:17:54.797+01:00  INFO 27720 --- [main] o.s.b.w.embedded.tomcat.TomcatWebServer  : Tomcat initialized with port 8080 (http)
2026-02-03T14:17:54.806+01:00  INFO 27720 --- [main] o.apache.catalina.core.StandardService   : Starting service [Tomcat]
2026-02-03T14:17:54.806+01:00  INFO 27720 --- [main] o.apache.catalina.core.StandardEngine    : Starting Servlet engine: [Apache Tomcat/10.1.16]
2026-02-03T14:17:54.855+01:00  INFO 27720 --- [main] o.a.c.c.C.[Tomcat].[localhost].[/]       : Initializing Spring embedded WebApplicationContext
2026-02-03T14:17:54.856+01:00  INFO 27720 --- [main] w.s.c.ServletWebServerApplicationContext : Root WebApplicationContext: initialization completed in 877 ms
2026-02-03T14:17:54.952+01:00  INFO 27720 --- [main] o.hibernate.jpa.internal.util.LogHelper  : HHH000204: Processing PersistenceUnitInfo [name: default]
2026-02-03T14:17:54.988+01:00  INFO 27720 --- [main] org.hibernate.Version                    : HHH000412: Hibernate ORM core version 6.3.1.Final
2026-02-03T14:17:55.009+01:00  INFO 27720 --- [main] o.h.c.internal.RegionFactoryInitiator    : HHH000026: Second-level cache disabled
2026-02-03T14:17:55.132+01:00  INFO 27720 --- [main] o.s.o.j.p.SpringPersistenceUnitInfo      : No LoadTimeWeaver setup: ignoring JPA class transformer
2026-02-03T14:17:55.149+01:00  INFO 27720 --- [main] com.zaxxer.hikari.HikariDataSource       : HikariPool-1 - Starting...
2026-02-03T14:17:55.234+01:00  INFO 27720 --- [main] com.zaxxer.hikari.pool.HikariPool        : HikariPool-1 - Added connection org.sqlite.jdbc4.JDBC4Connection@611c3eae
2026-02-03T14:17:55.236+01:00  INFO 27720 --- [main] com.zaxxer.hikari.HikariDataSource       : HikariPool-1 - Start completed.
2026-02-03T14:17:55.759+01:00  INFO 27720 --- [main] o.h.e.t.j.p.i.JtaPlatformInitiator       : HHH000489: No JTA platform available (set 'hibernate.transaction.jta.platform' to enable JTA platform integration)
2026-02-03T14:17:55.784+01:00  INFO 27720 --- [main] j.LocalContainerEntityManagerFactoryBean : Initialized JPA EntityManagerFactory for persistence unit 'default'
2026-02-03T14:17:56.022+01:00  WARN 27720 --- [main] JpaBaseConfiguration$JpaWebConfiguration : spring.jpa.open-in-view is enabled by default. Therefore, database queries may be performed during view rendering. Explicitly configure spring.jpa.open-in-view to disable this warning
2026-02-03T14:17:56.202+01:00  INFO 27720 --- [main] o.s.s.web.DefaultSecurityFilterChain     : Will secure any request with [org.springframework.security.web.session.DisableEncodeUrlFilter@33197c2f, org.springframework.security.web.context.request.async.WebAsyncManagerIntegrationFilter@24e79a4d, org.springframework.security.web.context.SecurityContextHolderFilter@1f229c40, org.springframework.security.web.header.HeaderWriterFilter@2d527346, org.springframework.web.filter.CorsFilter@5542418c, org.springframework.security.web.csrf.CsrfFilter@64d1f549, org.springframework.security.web.authentication.logout.LogoutFilter@4028aab2, org.springframework.security.web.authentication.UsernamePasswordAuthenticationFilter@63c163e1, org.springframework.security.web.savedrequest.RequestCacheAwareFilter@391b03b, org.springframework.security.web.servletapi.SecurityContextHolderAwareRequestFilter@4a977146, org.springframework.security.web.authentication.AnonymousAuthenticationFilter@705eb026, org.springframework.security.web.access.ExceptionTranslationFilter@6fe77a97, org.springframework.security.web.access.intercept.AuthorizationFilter@6b468710]
2026-02-03T14:17:56.397+01:00  INFO 27720 --- [main] o.s.b.w.embedded.tomcat.TomcatWebServer  : Tomcat started on port 8080 (http) with context path ''
2026-02-03T14:17:56.403+01:00  INFO 27720 --- [main] com.example.demo.Lab10Application        : Started Lab10Application in 2.725 seconds (process running for 2.946)
2026-02-03T14:17:59.561+01:00  INFO 27720 --- [http-nio-8080-exec-1] o.a.c.c.C.[Tomcat].[localhost].[/]       : Initializing Spring DispatcherServlet 'dispatcherServlet'
2026-02-03T14:17:59.562+01:00  INFO 27720 --- [http-nio-8080-exec-1] o.s.web.servlet.DispatcherServlet        : Initializing Servlet 'dispatcherServlet'
2026-02-03T14:17:59.562+01:00  INFO 27720 --- [http-nio-8080-exec-1] o.s.web.servlet.DispatcherServlet        : Completed initialization in 0 ms
2026-02-03T14:17:59.574+01:00  WARN 27720 --- [http-nio-8080-exec-1] o.s.w.s.h.HandlerMappingIntrospector     : Cache miss for REQUEST dispatch to '/login' (previous null). Performing CorsConfiguration lookup. This is logged once only at WARN level, and every time at TRACE.
2026-02-03T14:17:59.870+01:00  WARN 27720 --- [http-nio-8080-exec-2] o.s.w.s.h.HandlerMappingIntrospector     : Cache miss for REQUEST dispatch to '/css/style.css' (previous null). Performing MatchableHandlerMapping lookup. This is logged once only at WARN level, and every time at TRACE.
2026-02-03T14:18:12.097+01:00  INFO 27720 --- [SpringApplicationShutdownHook] j.LocalContainerEntityManagerFactoryBean : Closing JPA EntityManagerFactory for persistence unit 'default'
2026-02-03T14:18:12.099+01:00  INFO 27720 --- [SpringApplicationShutdownHook] com.zaxxer.hikari.HikariDataSource       : HikariPool-1 - Shutdown initiated...
2026-02-03T14:18:12.100+01:00  INFO 27720 --- [SpringApplicationShutdownHook] com.zaxxer.hikari.HikariDataSource       : HikariPool-1 - Shutdown completed.
2026-02-03T14:30:18.499+01:00  INFO 3860 --- [main] com.example.demo.Lab10Application        : Starting Lab10Application using Java 21.0.7 with PID 3860 (C:\Users\Yusuf\Desktop\demo\target\classes started by Yusuf in C:\Users\Yusuf\Desktop\demo)
2026-02-03T14:30:18.500+01:00  INFO 3860 --- [main] com.example.demo.Lab10Application        : No active profile set, falling back to 1 default profile: "default"
2026-02-03T14:30:18.899+01:00  INFO 3860 --- [main] .s.d.r.c.RepositoryConfigurationDelegate : Bootstrapping Spring Data JPA repositories in DEFAULT mode.
2026-02-03T14:30:18.945+01:00  INFO 3860 --- [main] .s.d.r.c.RepositoryConfigurationDelegate : Finished Spring Data repository scanning in 41 ms. Found 2 JPA repository interfaces.
2026-02-03T14:30:19.277+01:00  INFO 3860 --- [main] o.s.b.w.embedded.tomcat.TomcatWebServer  : Tomcat initialized with port 8080 (http)
2026-02-03T14:30:19.285+01:00  INFO 3860 --- [main] o.apache.catalina.core.StandardService   : Starting service [Tomcat]
2026-02-03T14:30:19.286+01:00  INFO 3860 --- [main] o.apache.catalina.core.StandardEngine    : Starting Servlet engine: [Apache Tomcat/10.1.16]
2026-02-03T14:30:19.327+01:00  INFO 3860 --- [main] o.a.c.c.C.[Tomcat].[localhost].[/]       : Initializing Spring embedded WebApplicationContext
2026-02-03T14:30:19.327+01:00  INFO 3860 --- [main] w.s.c.ServletWebServerApplicationContext : Root WebApplicationContext: initialization completed in 797 ms
2026-02-03T14:30:19.420+01:00  INFO 3860 --- [main] o.hibernate.jpa.internal.util.LogHelper  : HHH000204: Processing PersistenceUnitInfo [name: default]
2026-02-03T14:30:19.458+01:00  INFO 3860 --- [main] org.hibernate.Version                    : HHH000412: Hibernate ORM core version 6.3.1.Final
2026-02-03T14:30:19.483+01:00  INFO 3860 --- [main] o.h.c.internal.RegionFactoryInitiator    : HHH000026: Second-level cache disabled
2026-02-03T14:30:19.615+01:00  INFO 3860 --- [main] o.s.o.j.p.SpringPersistenceUnitInfo      : No LoadTimeWeaver setup: ignoring JPA class transformer
2026-02-03T14:30:19.633+01:00  INFO 3860 --- [main] com.zaxxer.hikari.HikariDataSource       : HikariPool-1 - Starting...
2026-02-03T14:30:19.711+01:00  INFO 3860 --- [main] com.zaxxer.hikari.pool.HikariPool        : HikariPool-1 - Added connection org.sqlite.jdbc4.JDBC4Connection@1ab53860
2026-02-03T14:30:19.713+01:00  INFO 3860 --- [main] com.zaxxer.hikari.HikariDataSource       : HikariPool-1 - Start completed.
2026-02-03T14:30:20.207+01:00  INFO 3860 --- [main] o.h.e.t.j.p.i.JtaPlatformInitiator       : HHH000489: No JTA platform available (set 'hibernate.transaction.jta.platform' to enable JTA platform integration)
2026-02-03T14:30:20.230+01:00  INFO 3860 --- [main] j.LocalContainerEntityManagerFactoryBean : Initialized JPA EntityManagerFactory for persistence unit 'default'
2026-02-03T14:30:20.478+01:00  WARN 3860 --- [main] JpaBaseConfiguration$JpaWebConfiguration : spring.jpa.open-in-view is enabled by default. Therefore, database queries may be performed during view rendering. Explicitly configure spring.jpa.open-in-view to disable this warning
2026-02-03T14:30:20.662+01:00  INFO 3860 --- [main] o.s.s.web.DefaultSecurityFilterChain     : Will secure any request with [org.springframework.security.web.session.DisableEncodeUrlFilter@7369208e, org.springframework.security.web.context.request.async.WebAsyncManagerIntegrationFilter@7ba623d1, org.springframework.security.web.context.SecurityContextHolderFilter@2e51ede1, org.springframework.security.web.header.HeaderWriterFilter@1f847d9e, org.springframework.web.filter.CorsFilter@2d5435d4, org.springframework.security.web.csrf.CsrfFilter@2e5c245d, org.springframework.security.web.authentication.logout.LogoutFilter@68fc1e7f, org.springframework.security.web.authentication.UsernamePasswordAuthenticationFilter@52a0bc48, org.springframework.security.web.savedrequest.RequestCacheAwareFilter@28f3a218, org.springframework.security.web.servletapi.SecurityContextHolderAwareRequestFilter@67730dab, org.springframework.security.web.authentication.AnonymousAuthenticationFilter@6dbdbb69, org.springframework.security.web.access.ExceptionTranslationFilter@4e322108, org.springframework.security.web.access.intercept.AuthorizationFilter@57fae911]
2026-02-03T14:30:20.808+01:00  INFO 3860 --- [main] o.s.b.w.embedded.tomcat.TomcatWebServer  : Tomcat started on port 8080 (http) with context path ''
2026-02-03T14:30:20.812+01:00  INFO 3860 --- [main] com.example.demo.Lab10Application        : Started Lab10Application in 2.591 seconds (process running for 2.815)
2026-02-03T14:30:24.113+01:00  INFO 3860 --- [http-nio-8080-exec-1] o.a.c.c.C.[Tomcat].[localhost].[/]       : Initializing Spring DispatcherServlet 'dispatcherServlet'
2026-02-03T14:30:24.113+01:00  INFO 3860 --- [http-nio-8080-exec-1] o.s.web.servlet.DispatcherServlet        : Initializing Servlet 'dispatcherServlet'
2026-02-03T14:30:24.114+01:00  INFO 3860 --- [http-nio-8080-exec-1] o.s.web.servlet.DispatcherServlet        : Completed initialization in 1 ms
2026-02-03T14:30:24.127+01:00  WARN 3860 --- [http-nio-8080-exec-1] o.s.w.s.h.HandlerMappingIntrospector     : Cache miss for REQUEST dispatch to '/login' (previous null). Performing CorsConfiguration lookup. This is logged once only at WARN level, and every time at TRACE.
2026-02-03T14:30:24.409+01:00  WARN 3860 --- [http-nio-8080-exec-5] o.s.w.s.h.HandlerMappingIntrospector     : Cache miss for REQUEST dispatch to '/css/style.css' (previous null). Performing MatchableHandlerMapping lookup. This is logged once only at WARN level, and every time at TRACE.
2026-02-03T14:32:51.500+01:00  WARN 3860 --- [http-nio-8080-exec-1] c.e.demo.security.AuthenticationEvents   : Failed login attempt for user: user1. Reason: Bad credentials
2026-02-03T14:35:10.622+01:00  WARN 3860 --- [http-nio-8080-exec-4] c.e.demo.security.AuthenticationEvents   : Failed login attempt for user: user1. Reason: Bad credentials
2026-02-03T14:35:19.326+01:00  WARN 3860 --- [http-nio-8080-exec-9] c.e.demo.security.AuthenticationEvents   : Failed login attempt for user: user11234. Reason: Bad credentials
2026-02-03T14:37:25.337+01:00  WARN 3860 --- [http-nio-8080-exec-10] c.e.demo.security.AuthenticationEvents   : Unauthorized access attempt! User 'user1' tried to access a protected resource.
2026-02-03T14:39:14.094+01:00  WARN 3860 --- [http-nio-8080-exec-4] c.e.demo.security.AuthenticationEvents   : Unauthorized access attempt! User 'user1' tried to access a protected resource.
2026-02-03T14:43:17.744+01:00  WARN 3860 --- [http-nio-8080-exec-7] .w.s.m.s.DefaultHandlerExceptionResolver : Resolved [org.springframework.web.HttpRequestMethodNotSupportedException: Request method 'POST' is not supported]
2026-02-03T18:00:56.114+01:00  INFO 15616 --- [main] com.example.demo.Lab10ApplicationTests   : Starting Lab10ApplicationTests using Java 21.0.7 with PID 15616 (started by Yusuf in C:\Users\Yusuf\Desktop\demo)
2026-02-03T18:00:56.117+01:00  INFO 15616 --- [main] com.example.demo.Lab10ApplicationTests   : No active profile set, falling back to 1 default profile: "default"
2026-02-03T18:00:56.900+01:00  INFO 15616 --- [main] .s.d.r.c.RepositoryConfigurationDelegate : Bootstrapping Spring Data JPA repositories in DEFAULT mode.
2026-02-03T18:00:56.971+01:00  INFO 15616 --- [main] .s.d.r.c.RepositoryConfigurationDelegate : Finished Spring Data repository scanning in 56 ms. Found 2 JPA repository interfaces.
2026-02-03T18:00:57.559+01:00  INFO 15616 --- [main] o.hibernate.jpa.internal.util.LogHelper  : HHH000204: Processing PersistenceUnitInfo [name: default]
2026-02-03T18:00:57.637+01:00  INFO 15616 --- [main] org.hibernate.Version                    : HHH000412: Hibernate ORM core version 6.3.1.Final
2026-02-03T18:00:57.670+01:00  INFO 15616 --- [main] o.h.c.internal.RegionFactoryInitiator    : HHH000026: Second-level cache disabled
2026-02-03T18:00:58.008+01:00  INFO 15616 --- [main] o.s.o.j.p.SpringPersistenceUnitInfo      : No LoadTimeWeaver setup: ignoring JPA class transformer
2026-02-03T18:00:58.035+01:00  INFO 15616 --- [main] com.zaxxer.hikari.HikariDataSource       : HikariPool-1 - Starting...
2026-02-03T18:00:58.122+01:00  INFO 15616 --- [main] com.zaxxer.hikari.pool.HikariPool        : HikariPool-1 - Added connection org.sqlite.jdbc4.JDBC4Connection@22ae905f
2026-02-03T18:00:58.131+01:00  INFO 15616 --- [main] com.zaxxer.hikari.HikariDataSource       : HikariPool-1 - Start completed.
2026-02-03T18:00:58.868+01:00  INFO 15616 --- [main] o.h.e.t.j.p.i.JtaPlatformInitiator       : HHH000489: No JTA platform available (set 'hibernate.transaction.jta.platform' to enable JTA platform integration)
2026-02-03T18:00:58.899+01:00  INFO 15616 --- [main] j.LocalContainerEntityManagerFactoryBean : Initialized JPA EntityManagerFactory for persistence unit 'default'
2026-02-03T18:00:59.591+01:00  WARN 15616 --- [main] JpaBaseConfiguration$JpaWebConfiguration : spring.jpa.open-in-view is enabled by default. Therefore, database queries may be performed during view rendering. Explicitly configure spring.jpa.open-in-view to disable this warning
2026-02-03T18:01:00.056+01:00  INFO 15616 --- [main] o.s.s.web.DefaultSecurityFilterChain     : Will secure any request with [org.springframework.security.web.session.DisableEncodeUrlFilter@504b4a97, org.springframework.security.web.context.request.async.WebAsyncManagerIntegrationFilter@4964d801, org.springframework.security.web.context.SecurityContextHolderFilter@3958db82, org.springframework.security.web.header.HeaderWriterFilter@1adec8d, org.springframework.web.filter.CorsFilter@b307030, org.springframework.security.web.csrf.CsrfFilter@673a5aa7, org.springframework.security.web.authentication.logout.LogoutFilter@6dde913e, org.springframework.security.web.authentication.UsernamePasswordAuthenticationFilter@6e4bccc, org.springframework.security.web.savedrequest.RequestCacheAwareFilter@202d1424, org.springframework.security.web.servletapi.SecurityContextHolderAwareRequestFilter@1256925b, org.springframework.security.web.authentication.AnonymousAuthenticationFilter@2caa9666, org.springframework.security.web.access.ExceptionTranslationFilter@48d24d63, org.springframework.security.web.access.intercept.AuthorizationFilter@5003c114]
2026-02-03T18:01:00.529+01:00  INFO 15616 --- [main] com.example.demo.Lab10ApplicationTests   : Started Lab10ApplicationTests in 4.677 seconds (process running for 5.678)
2026-02-03T18:01:01.229+01:00  INFO 15616 --- [main] t.c.s.AnnotationConfigContextLoaderUtils : Could not detect default configuration classes for test class [com.example.demo.SecurityTests]: SecurityTests does not declare any static, non-private, non-final, nested classes annotated with @Configuration.
2026-02-03T18:01:01.238+01:00  INFO 15616 --- [main] .b.t.c.SpringBootTestContextBootstrapper : Found @SpringBootConfiguration com.example.demo.Lab10Application for test class com.example.demo.SecurityTests
2026-02-03T18:01:01.273+01:00  INFO 15616 --- [main] com.example.demo.SecurityTests           : Starting SecurityTests using Java 21.0.7 with PID 15616 (started by Yusuf in C:\Users\Yusuf\Desktop\demo)
2026-02-03T18:01:01.274+01:00  INFO 15616 --- [main] com.example.demo.SecurityTests           : No active profile set, falling back to 1 default profile: "default"
2026-02-03T18:01:01.447+01:00  INFO 15616 --- [main] .s.d.r.c.RepositoryConfigurationDelegate : Bootstrapping Spring Data JPA repositories in DEFAULT mode.
2026-02-03T18:01:01.456+01:00  INFO 15616 --- [main] .s.d.r.c.RepositoryConfigurationDelegate : Finished Spring Data repository scanning in 8 ms. Found 2 JPA repository interfaces.
2026-02-03T18:01:01.522+01:00  INFO 15616 --- [main] o.hibernate.jpa.internal.util.LogHelper  : HHH000204: Processing PersistenceUnitInfo [name: default]
2026-02-03T18:01:01.535+01:00  INFO 15616 --- [main] o.h.c.internal.RegionFactoryInitiator    : HHH000026: Second-level cache disabled
2026-02-03T18:01:01.538+01:00  INFO 15616 --- [main] o.s.o.j.p.SpringPersistenceUnitInfo      : No LoadTimeWeaver setup: ignoring JPA class transformer
2026-02-03T18:01:01.538+01:00  INFO 15616 --- [main] com.zaxxer.hikari.HikariDataSource       : HikariPool-2 - Starting...
2026-02-03T18:01:01.546+01:00  INFO 15616 --- [main] com.zaxxer.hikari.pool.HikariPool        : HikariPool-2 - Added connection org.sqlite.jdbc4.JDBC4Connection@28c38eeb
2026-02-03T18:01:01.546+01:00  INFO 15616 --- [main] com.zaxxer.hikari.HikariDataSource       : HikariPool-2 - Start completed.
2026-02-03T18:01:01.589+01:00  INFO 15616 --- [main] o.h.e.t.j.p.i.JtaPlatformInitiator       : HHH000489: No JTA platform available (set 'hibernate.transaction.jta.platform' to enable JTA platform integration)
2026-02-03T18:01:01.589+01:00  INFO 15616 --- [main] j.LocalContainerEntityManagerFactoryBean : Initialized JPA EntityManagerFactory for persistence unit 'default'
2026-02-03T18:01:01.675+01:00  WARN 15616 --- [main] JpaBaseConfiguration$JpaWebConfiguration : spring.jpa.open-in-view is enabled by default. Therefore, database queries may be performed during view rendering. Explicitly configure spring.jpa.open-in-view to disable this warning
2026-02-03T18:01:01.738+01:00  INFO 15616 --- [main] o.s.s.web.DefaultSecurityFilterChain     : Will secure any request with [org.springframework.security.web.session.DisableEncodeUrlFilter@cf933b1, org.springframework.security.web.context.request.async.WebAsyncManagerIntegrationFilter@b7952d2, org.springframework.security.web.context.SecurityContextHolderFilter@ece769a, org.springframework.security.web.header.HeaderWriterFilter@5599f22f, org.springframework.web.filter.CorsFilter@1a5ea4cf, org.springframework.security.web.csrf.CsrfFilter@209ab1d7, org.springframework.security.web.authentication.logout.LogoutFilter@5a004dd4, org.springframework.security.web.authentication.UsernamePasswordAuthenticationFilter@544faa01, org.springframework.security.web.savedrequest.RequestCacheAwareFilter@7baf7a9d, org.springframework.security.web.servletapi.SecurityContextHolderAwareRequestFilter@3d95100f, org.springframework.security.web.authentication.AnonymousAuthenticationFilter@33e80a27, org.springframework.security.web.access.ExceptionTranslationFilter@7937f96e, org.springframework.security.web.access.intercept.AuthorizationFilter@4f7bc9a3]
2026-02-03T18:01:01.879+01:00  INFO 15616 --- [main] o.s.b.t.m.w.SpringBootMockServletContext : Initializing Spring TestDispatcherServlet ''
2026-02-03T18:01:01.879+01:00  INFO 15616 --- [main] o.s.t.web.servlet.TestDispatcherServlet  : Initializing Servlet ''
2026-02-03T18:01:01.885+01:00  INFO 15616 --- [main] o.s.t.web.servlet.TestDispatcherServlet  : Completed initialization in 6 ms
2026-02-03T18:01:01.891+01:00  INFO 15616 --- [main] com.example.demo.SecurityTests           : Started SecurityTests in 0.651 seconds (process running for 7.039)
2026-02-03T18:01:01.929+01:00  WARN 15616 --- [main] o.s.w.s.h.HandlerMappingIntrospector     : Cache miss for REQUEST dispatch to '/login' (previous null). Performing CorsConfiguration lookup. This is logged once only at WARN level, and every time at TRACE.
2026-02-03T18:01:02.894+01:00  INFO 15616 --- [SpringApplicationShutdownHook] j.LocalContainerEntityManagerFactoryBean : Closing JPA EntityManagerFactory for persistence unit 'default'
2026-02-03T18:01:02.894+01:00  INFO 15616 --- [SpringApplicationShutdownHook] com.zaxxer.hikari.HikariDataSource       : HikariPool-1 - Shutdown initiated...
2026-02-03T18:01:02.910+01:00  INFO 15616 --- [SpringApplicationShutdownHook] com.zaxxer.hikari.HikariDataSource       : HikariPool-1 - Shutdown completed.
2026-02-03T18:01:02.919+01:00  INFO 15616 --- [SpringApplicationShutdownHook] j.LocalContainerEntityManagerFactoryBean : Closing JPA EntityManagerFactory for persistence unit 'default'
2026-02-03T18:01:02.919+01:00  INFO 15616 --- [SpringApplicationShutdownHook] com.zaxxer.hikari.HikariDataSource       : HikariPool-2 - Shutdown initiated...
2026-02-03T18:01:02.919+01:00  INFO 15616 --- [SpringApplicationShutdownHook] com.zaxxer.hikari.HikariDataSource       : HikariPool-2 - Shutdown completed.
